2025-02-04 12:11:11,741 - INFO - ====== WebDriver manager ======
2025-02-04 12:11:13,187 - INFO - Get LATEST chromedriver version for google-chrome
2025-02-04 12:11:13,189 - DEBUG - Starting new HTTPS connection (1): googlechromelabs.github.io:443
2025-02-04 12:11:13,267 - DEBUG - https://googlechromelabs.github.io:443 "GET /chrome-for-testing/latest-patch-versions-per-build.json HTTP/1.1" 200 9528
2025-02-04 12:11:13,269 - INFO - Get LATEST chromedriver version for google-chrome
2025-02-04 12:11:13,270 - DEBUG - Starting new HTTPS connection (1): googlechromelabs.github.io:443
2025-02-04 12:11:13,328 - DEBUG - https://googlechromelabs.github.io:443 "GET /chrome-for-testing/latest-patch-versions-per-build.json HTTP/1.1" 200 9528
2025-02-04 12:11:13,337 - INFO - Driver [C:\Users\user\.wdm\drivers\chromedriver\win64\132.0.6834.159\chromedriver-win32/chromedriver.exe] found in cache
2025-02-04 12:11:13,337 - DEBUG - Skipping Selenium Manager; path to chrome driver specified in Service class: C:\Users\user\.wdm\drivers\chromedriver\win64\132.0.6834.159\chromedriver-win32/chromedriver.exe
2025-02-04 12:11:13,344 - DEBUG - Started executable: `C:\Users\user\.wdm\drivers\chromedriver\win64\132.0.6834.159\chromedriver-win32/chromedriver.exe` in a child process with pid: 2612 using 0 to output -3
2025-02-04 12:11:13,880 - DEBUG - POST http://localhost:51709/session {'capabilities': {'firstMatch': [{}], 'alwaysMatch': {'browserName': 'chrome', 'pageLoadStrategy': <PageLoadStrategy.normal: 'normal'>, 'goog:chromeOptions': {'extensions': [], 'args': ['--user-data-dir=C:\\Users\\user\\whatsappAutomatization\\whatsappAutomatization\\chrome_profile']}}}}
2025-02-04 12:11:13,880 - DEBUG - Starting new HTTP connection (1): localhost:51709
2025-02-04 12:11:14,838 - DEBUG - http://localhost:51709 "POST /session HTTP/1.1" 200 0
2025-02-04 12:11:14,838 - DEBUG - Remote response: status=200 | data={"value":{"capabilities":{"acceptInsecureCerts":false,"browserName":"chrome","browserVersion":"132.0.6834.160","chrome":{"chromedriverVersion":"132.0.6834.159 (2d77d3fc4452661469b78f115e0aed4d71269739-refs/branch-heads/6834@{#4408})","userDataDir":"C:\\Users\\user\\whatsappAutomatization\\whatsappAutomatization\\chrome_profile"},"fedcm:accounts":true,"goog:chromeOptions":{"debuggerAddress":"localhost:51712"},"networkConnectionEnabled":false,"pageLoadStrategy":"normal","platformName":"windows","proxy":{},"setWindowRect":true,"strictFileInteractability":false,"timeouts":{"implicit":0,"pageLoad":300000,"script":30000},"unhandledPromptBehavior":"dismiss and notify","webauthn:extension:credBlob":true,"webauthn:extension:largeBlob":true,"webauthn:extension:minPinLength":true,"webauthn:extension:prf":true,"webauthn:virtualAuthenticators":true},"sessionId":"cd52ab7de020134fd35f5e0afbd73501"}} | headers=HTTPHeaderDict({'Content-Length': '897', 'Content-Type': 'application/json; charset=utf-8', 'cache-control': 'no-cache'})
2025-02-04 12:11:14,838 - DEBUG - Finished Request
2025-02-04 12:11:14,838 - INFO - Navigating to WhatsApp Web
2025-02-04 12:11:14,838 - DEBUG - POST http://localhost:51709/session/cd52ab7de020134fd35f5e0afbd73501/url {'url': 'https://web.whatsapp.com/'}
2025-02-04 12:11:15,603 - DEBUG - http://localhost:51709 "POST /session/cd52ab7de020134fd35f5e0afbd73501/url HTTP/1.1" 200 0
2025-02-04 12:11:15,603 - DEBUG - Remote response: status=200 | data={"value":null} | headers=HTTPHeaderDict({'Content-Length': '14', 'Content-Type': 'application/json; charset=utf-8', 'cache-control': 'no-cache'})
2025-02-04 12:11:15,603 - DEBUG - Finished Request
2025-02-04 12:11:15,612 - DEBUG - POST http://localhost:51709/session/cd52ab7de020134fd35f5e0afbd73501/element {'using': 'xpath', 'value': '//div[@role="textbox"]'}
2025-02-04 12:11:17,608 - DEBUG - http://localhost:51709 "POST /session/cd52ab7de020134fd35f5e0afbd73501/element HTTP/1.1" 404 0
2025-02-04 12:11:17,608 - DEBUG - Remote response: status=404 | data={"value":{"error":"no such element","message":"no such element: Unable to locate element: {\"method\":\"xpath\",\"selector\":\"//div[@role=\"textbox\"]\"}\n  (Session info: chrome=132.0.6834.160)","stacktrace":"\tGetHandleVerifier [0x010A74A3+25091]\n\t(No symbol) [0x0102DC04]\n\t(No symbol) [0x00F0B373]\n\t(No symbol) [0x00F4F4DC]\n\t(No symbol) [0x00F4F65B]\n\t(No symbol) [0x00F8D8E2]\n\t(No symbol) [0x00F71F54]\n\t(No symbol) [0x00F8B49E]\n\t(No symbol) [0x00F71CA6]\n\t(No symbol) [0x00F431D5]\n\t(No symbol) [0x00F4435D]\n\tGetHandleVerifier [0x013A07C3+3142947]\n\tGetHandleVerifier [0x013B1A2B+3213195]\n\tGetHandleVerifier [0x013AC412+3191154]\n\tGetHandleVerifier [0x01148720+685184]\n\t(No symbol) [0x01036E1D]\n\t(No symbol) [0x01033E18]\n\t(No symbol) [0x01033FB6]\n\t(No symbol) [0x010266F0]\n\tBaseThreadInitThunk [0x76E05D49+25]\n\tRtlInitializeExceptionChain [0x77B8CEBB+107]\n\tRtlGetAppContainerNamedObjectPath [0x77B8CE41+561]\n"}} | headers=HTTPHeaderDict({'Content-Length': '954', 'Content-Type': 'application/json; charset=utf-8', 'cache-control': 'no-cache'})
2025-02-04 12:11:17,609 - DEBUG - Finished Request
2025-02-04 12:11:18,109 - DEBUG - POST http://localhost:51709/session/cd52ab7de020134fd35f5e0afbd73501/element {'using': 'xpath', 'value': '//div[@role="textbox"]'}
2025-02-04 12:11:18,120 - DEBUG - http://localhost:51709 "POST /session/cd52ab7de020134fd35f5e0afbd73501/element HTTP/1.1" 404 0
2025-02-04 12:11:18,120 - DEBUG - Remote response: status=404 | data={"value":{"error":"no such element","message":"no such element: Unable to locate element: {\"method\":\"xpath\",\"selector\":\"//div[@role=\"textbox\"]\"}\n  (Session info: chrome=132.0.6834.160)","stacktrace":"\tGetHandleVerifier [0x010A74A3+25091]\n\t(No symbol) [0x0102DC04]\n\t(No symbol) [0x00F0B373]\n\t(No symbol) [0x00F4F4DC]\n\t(No symbol) [0x00F4F65B]\n\t(No symbol) [0x00F8D8E2]\n\t(No symbol) [0x00F71F54]\n\t(No symbol) [0x00F8B49E]\n\t(No symbol) [0x00F71CA6]\n\t(No symbol) [0x00F431D5]\n\t(No symbol) [0x00F4435D]\n\tGetHandleVerifier [0x013A07C3+3142947]\n\tGetHandleVerifier [0x013B1A2B+3213195]\n\tGetHandleVerifier [0x013AC412+3191154]\n\tGetHandleVerifier [0x01148720+685184]\n\t(No symbol) [0x01036E1D]\n\t(No symbol) [0x01033E18]\n\t(No symbol) [0x01033FB6]\n\t(No symbol) [0x010266F0]\n\tBaseThreadInitThunk [0x76E05D49+25]\n\tRtlInitializeExceptionChain [0x77B8CEBB+107]\n\tRtlGetAppContainerNamedObjectPath [0x77B8CE41+561]\n"}} | headers=HTTPHeaderDict({'Content-Length': '954', 'Content-Type': 'application/json; charset=utf-8', 'cache-control': 'no-cache'})
2025-02-04 12:11:18,120 - DEBUG - Finished Request
2025-02-04 12:11:18,620 - DEBUG - POST http://localhost:51709/session/cd52ab7de020134fd35f5e0afbd73501/element {'using': 'xpath', 'value': '//div[@role="textbox"]'}
2025-02-04 12:11:18,630 - DEBUG - http://localhost:51709 "POST /session/cd52ab7de020134fd35f5e0afbd73501/element HTTP/1.1" 404 0
2025-02-04 12:11:18,630 - DEBUG - Remote response: status=404 | data={"value":{"error":"no such element","message":"no such element: Unable to locate element: {\"method\":\"xpath\",\"selector\":\"//div[@role=\"textbox\"]\"}\n  (Session info: chrome=132.0.6834.160)","stacktrace":"\tGetHandleVerifier [0x010A74A3+25091]\n\t(No symbol) [0x0102DC04]\n\t(No symbol) [0x00F0B373]\n\t(No symbol) [0x00F4F4DC]\n\t(No symbol) [0x00F4F65B]\n\t(No symbol) [0x00F8D8E2]\n\t(No symbol) [0x00F71F54]\n\t(No symbol) [0x00F8B49E]\n\t(No symbol) [0x00F71CA6]\n\t(No symbol) [0x00F431D5]\n\t(No symbol) [0x00F4435D]\n\tGetHandleVerifier [0x013A07C3+3142947]\n\tGetHandleVerifier [0x013B1A2B+3213195]\n\tGetHandleVerifier [0x013AC412+3191154]\n\tGetHandleVerifier [0x01148720+685184]\n\t(No symbol) [0x01036E1D]\n\t(No symbol) [0x01033E18]\n\t(No symbol) [0x01033FB6]\n\t(No symbol) [0x010266F0]\n\tBaseThreadInitThunk [0x76E05D49+25]\n\tRtlInitializeExceptionChain [0x77B8CEBB+107]\n\tRtlGetAppContainerNamedObjectPath [0x77B8CE41+561]\n"}} | headers=HTTPHeaderDict({'Content-Length': '954', 'Content-Type': 'application/json; charset=utf-8', 'cache-control': 'no-cache'})
2025-02-04 12:11:18,630 - DEBUG - Finished Request
2025-02-04 12:11:19,131 - DEBUG - POST http://localhost:51709/session/cd52ab7de020134fd35f5e0afbd73501/element {'using': 'xpath', 'value': '//div[@role="textbox"]'}
2025-02-04 12:11:19,178 - DEBUG - http://localhost:51709 "POST /session/cd52ab7de020134fd35f5e0afbd73501/element HTTP/1.1" 404 0
2025-02-04 12:11:19,178 - DEBUG - Remote response: status=404 | data={"value":{"error":"no such element","message":"no such element: Unable to locate element: {\"method\":\"xpath\",\"selector\":\"//div[@role=\"textbox\"]\"}\n  (Session info: chrome=132.0.6834.160)","stacktrace":"\tGetHandleVerifier [0x010A74A3+25091]\n\t(No symbol) [0x0102DC04]\n\t(No symbol) [0x00F0B373]\n\t(No symbol) [0x00F4F4DC]\n\t(No symbol) [0x00F4F65B]\n\t(No symbol) [0x00F8D8E2]\n\t(No symbol) [0x00F71F54]\n\t(No symbol) [0x00F8B49E]\n\t(No symbol) [0x00F71CA6]\n\t(No symbol) [0x00F431D5]\n\t(No symbol) [0x00F4435D]\n\tGetHandleVerifier [0x013A07C3+3142947]\n\tGetHandleVerifier [0x013B1A2B+3213195]\n\tGetHandleVerifier [0x013AC412+3191154]\n\tGetHandleVerifier [0x01148720+685184]\n\t(No symbol) [0x01036E1D]\n\t(No symbol) [0x01033E18]\n\t(No symbol) [0x01033FB6]\n\t(No symbol) [0x010266F0]\n\tBaseThreadInitThunk [0x76E05D49+25]\n\tRtlInitializeExceptionChain [0x77B8CEBB+107]\n\tRtlGetAppContainerNamedObjectPath [0x77B8CE41+561]\n"}} | headers=HTTPHeaderDict({'Content-Length': '954', 'Content-Type': 'application/json; charset=utf-8', 'cache-control': 'no-cache'})
2025-02-04 12:11:19,179 - DEBUG - Finished Request
2025-02-04 12:11:19,679 - DEBUG - POST http://localhost:51709/session/cd52ab7de020134fd35f5e0afbd73501/element {'using': 'xpath', 'value': '//div[@role="textbox"]'}
2025-02-04 12:11:19,703 - DEBUG - http://localhost:51709 "POST /session/cd52ab7de020134fd35f5e0afbd73501/element HTTP/1.1" 200 0
2025-02-04 12:11:19,703 - DEBUG - Remote response: status=200 | data={"value":{"element-6066-11e4-a52e-4f735466cecf":"f.01C346733FEAB5BE719C5508809110B6.d.50A6FCD0E144D2813BA8400F5528CE1B.e.9"}} | headers=HTTPHeaderDict({'Content-Length': '125', 'Content-Type': 'application/json; charset=utf-8', 'cache-control': 'no-cache'})
2025-02-04 12:11:19,703 - DEBUG - Finished Request
2025-02-04 12:11:19,704 - INFO - Searching for community
2025-02-04 12:11:19,704 - DEBUG - POST http://localhost:51709/session/cd52ab7de020134fd35f5e0afbd73501/element {'using': 'xpath', 'value': '//div[@role="textbox" and @contenteditable="true"]'}
2025-02-04 12:11:19,723 - DEBUG - http://localhost:51709 "POST /session/cd52ab7de020134fd35f5e0afbd73501/element HTTP/1.1" 200 0
2025-02-04 12:11:19,724 - DEBUG - Remote response: status=200 | data={"value":{"element-6066-11e4-a52e-4f735466cecf":"f.01C346733FEAB5BE719C5508809110B6.d.50A6FCD0E144D2813BA8400F5528CE1B.e.9"}} | headers=HTTPHeaderDict({'Content-Length': '125', 'Content-Type': 'application/json; charset=utf-8', 'cache-control': 'no-cache'})
2025-02-04 12:11:19,724 - DEBUG - Finished Request
2025-02-04 12:11:19,724 - DEBUG - POST http://localhost:51709/session/cd52ab7de020134fd35f5e0afbd73501/element/f.01C346733FEAB5BE719C5508809110B6.d.50A6FCD0E144D2813BA8400F5528CE1B.e.9/value {'text': 'GIT trgovina', 'value': ['G', 'I', 'T', ' ', 't', 'r', 'g', 'o', 'v', 'i', 'n', 'a']}
2025-02-04 12:11:19,967 - DEBUG - http://localhost:51709 "POST /session/cd52ab7de020134fd35f5e0afbd73501/element/f.01C346733FEAB5BE719C5508809110B6.d.50A6FCD0E144D2813BA8400F5528CE1B.e.9/value HTTP/1.1" 200 0
2025-02-04 12:11:19,967 - DEBUG - Remote response: status=200 | data={"value":null} | headers=HTTPHeaderDict({'Content-Length': '14', 'Content-Type': 'application/json; charset=utf-8', 'cache-control': 'no-cache'})
2025-02-04 12:11:19,967 - DEBUG - Finished Request
2025-02-04 12:11:21,968 - DEBUG - Waiting for element: //span[@title="GIT trgovina"]
2025-02-04 12:11:21,968 - DEBUG - POST http://localhost:51709/session/cd52ab7de020134fd35f5e0afbd73501/element {'using': 'xpath', 'value': '//span[@title="GIT trgovina"]'}
2025-02-04 12:11:21,984 - DEBUG - http://localhost:51709 "POST /session/cd52ab7de020134fd35f5e0afbd73501/element HTTP/1.1" 200 0
2025-02-04 12:11:21,984 - DEBUG - Remote response: status=200 | data={"value":{"element-6066-11e4-a52e-4f735466cecf":"f.01C346733FEAB5BE719C5508809110B6.d.50A6FCD0E144D2813BA8400F5528CE1B.e.17"}} | headers=HTTPHeaderDict({'Content-Length': '126', 'Content-Type': 'application/json; charset=utf-8', 'cache-control': 'no-cache'})
2025-02-04 12:11:21,984 - DEBUG - Finished Request
2025-02-04 12:11:21,985 - DEBUG - POST http://localhost:51709/session/cd52ab7de020134fd35f5e0afbd73501/execute/sync {'script': '/* isDisplayed */return (function(){return (function(){var g=this||self;\nfunction aa(a){var b=typeof...', 'args': [{'element-6066-11e4-a52e-4f735466cecf': 'f.01C346733FEAB5BE719C5508809110B6.d.50A6FCD0E144D2813BA8400F5528CE1B.e.17'}]}
2025-02-04 12:11:22,001 - DEBUG - http://localhost:51709 "POST /session/cd52ab7de020134fd35f5e0afbd73501/execute/sync HTTP/1.1" 200 0
2025-02-04 12:11:22,001 - DEBUG - Remote response: status=200 | data={"value":true} | headers=HTTPHeaderDict({'Content-Length': '14', 'Content-Type': 'application/json; charset=utf-8', 'cache-control': 'no-cache'})
2025-02-04 12:11:22,001 - DEBUG - Finished Request
2025-02-04 12:11:22,001 - DEBUG - GET http://localhost:51709/session/cd52ab7de020134fd35f5e0afbd73501/element/f.01C346733FEAB5BE719C5508809110B6.d.50A6FCD0E144D2813BA8400F5528CE1B.e.17/enabled {}
2025-02-04 12:11:22,011 - DEBUG - http://localhost:51709 "GET /session/cd52ab7de020134fd35f5e0afbd73501/element/f.01C346733FEAB5BE719C5508809110B6.d.50A6FCD0E144D2813BA8400F5528CE1B.e.17/enabled HTTP/1.1" 200 0
2025-02-04 12:11:22,011 - DEBUG - Remote response: status=200 | data={"value":true} | headers=HTTPHeaderDict({'Content-Length': '14', 'Content-Type': 'application/json; charset=utf-8', 'cache-control': 'no-cache'})
2025-02-04 12:11:22,011 - DEBUG - Finished Request
2025-02-04 12:11:22,011 - DEBUG - POST http://localhost:51709/session/cd52ab7de020134fd35f5e0afbd73501/element/f.01C346733FEAB5BE719C5508809110B6.d.50A6FCD0E144D2813BA8400F5528CE1B.e.17/click {}
2025-02-04 12:11:22,295 - DEBUG - http://localhost:51709 "POST /session/cd52ab7de020134fd35f5e0afbd73501/element/f.01C346733FEAB5BE719C5508809110B6.d.50A6FCD0E144D2813BA8400F5528CE1B.e.17/click HTTP/1.1" 200 0
2025-02-04 12:11:22,295 - DEBUG - Remote response: status=200 | data={"value":null} | headers=HTTPHeaderDict({'Content-Length': '14', 'Content-Type': 'application/json; charset=utf-8', 'cache-control': 'no-cache'})
2025-02-04 12:11:22,296 - DEBUG - Finished Request
2025-02-04 12:11:22,296 - DEBUG - Clicked element: //span[@title="GIT trgovina"]
2025-02-04 12:11:24,296 - INFO - Opening menu
2025-02-04 12:11:24,296 - DEBUG - Waiting for element: /html/body/div[1]/div/div/div[3]/div/div[4]/div/header/div[3]/div/div[3]
2025-02-04 12:11:24,296 - DEBUG - POST http://localhost:51709/session/cd52ab7de020134fd35f5e0afbd73501/element {'using': 'xpath', 'value': '/html/body/div[1]/div/div/div[3]/div/div[4]/div/header/div[3]/div/div[3]'}
2025-02-04 12:11:24,312 - DEBUG - http://localhost:51709 "POST /session/cd52ab7de020134fd35f5e0afbd73501/element HTTP/1.1" 200 0
2025-02-04 12:11:24,312 - DEBUG - Remote response: status=200 | data={"value":{"element-6066-11e4-a52e-4f735466cecf":"f.01C346733FEAB5BE719C5508809110B6.d.50A6FCD0E144D2813BA8400F5528CE1B.e.26"}} | headers=HTTPHeaderDict({'Content-Length': '126', 'Content-Type': 'application/json; charset=utf-8', 'cache-control': 'no-cache'})
2025-02-04 12:11:24,312 - DEBUG - Finished Request
2025-02-04 12:11:24,312 - DEBUG - POST http://localhost:51709/session/cd52ab7de020134fd35f5e0afbd73501/execute/sync {'script': '/* isDisplayed */return (function(){return (function(){var g=this||self;\nfunction aa(a){var b=typeof...', 'args': [{'element-6066-11e4-a52e-4f735466cecf': 'f.01C346733FEAB5BE719C5508809110B6.d.50A6FCD0E144D2813BA8400F5528CE1B.e.26'}]}
2025-02-04 12:11:24,354 - DEBUG - http://localhost:51709 "POST /session/cd52ab7de020134fd35f5e0afbd73501/execute/sync HTTP/1.1" 200 0
2025-02-04 12:11:24,354 - DEBUG - Remote response: status=200 | data={"value":true} | headers=HTTPHeaderDict({'Content-Length': '14', 'Content-Type': 'application/json; charset=utf-8', 'cache-control': 'no-cache'})
2025-02-04 12:11:24,354 - DEBUG - Finished Request
2025-02-04 12:11:24,354 - DEBUG - GET http://localhost:51709/session/cd52ab7de020134fd35f5e0afbd73501/element/f.01C346733FEAB5BE719C5508809110B6.d.50A6FCD0E144D2813BA8400F5528CE1B.e.26/enabled {}
2025-02-04 12:11:24,373 - DEBUG - http://localhost:51709 "GET /session/cd52ab7de020134fd35f5e0afbd73501/element/f.01C346733FEAB5BE719C5508809110B6.d.50A6FCD0E144D2813BA8400F5528CE1B.e.26/enabled HTTP/1.1" 200 0
2025-02-04 12:11:24,373 - DEBUG - Remote response: status=200 | data={"value":true} | headers=HTTPHeaderDict({'Content-Length': '14', 'Content-Type': 'application/json; charset=utf-8', 'cache-control': 'no-cache'})
2025-02-04 12:11:24,373 - DEBUG - Finished Request
2025-02-04 12:11:24,373 - DEBUG - POST http://localhost:51709/session/cd52ab7de020134fd35f5e0afbd73501/element/f.01C346733FEAB5BE719C5508809110B6.d.50A6FCD0E144D2813BA8400F5528CE1B.e.26/click {}
2025-02-04 12:11:24,448 - DEBUG - http://localhost:51709 "POST /session/cd52ab7de020134fd35f5e0afbd73501/element/f.01C346733FEAB5BE719C5508809110B6.d.50A6FCD0E144D2813BA8400F5528CE1B.e.26/click HTTP/1.1" 200 0
2025-02-04 12:11:24,448 - DEBUG - Remote response: status=200 | data={"value":null} | headers=HTTPHeaderDict({'Content-Length': '14', 'Content-Type': 'application/json; charset=utf-8', 'cache-control': 'no-cache'})
2025-02-04 12:11:24,448 - DEBUG - Finished Request
2025-02-04 12:11:24,448 - DEBUG - Clicked element: /html/body/div[1]/div/div/div[3]/div/div[4]/div/header/div[3]/div/div[3]
2025-02-04 12:11:24,448 - INFO - Accessing Announcement Info
2025-02-04 12:11:24,448 - DEBUG - Waiting for element: /html/body/div[1]/div/div/span[5]/div/ul/div/div/li[1]
2025-02-04 12:11:24,449 - DEBUG - POST http://localhost:51709/session/cd52ab7de020134fd35f5e0afbd73501/element {'using': 'xpath', 'value': '/html/body/div[1]/div/div/span[5]/div/ul/div/div/li[1]'}
2025-02-04 12:11:24,469 - DEBUG - http://localhost:51709 "POST /session/cd52ab7de020134fd35f5e0afbd73501/element HTTP/1.1" 200 0
2025-02-04 12:11:24,469 - DEBUG - Remote response: status=200 | data={"value":{"element-6066-11e4-a52e-4f735466cecf":"f.01C346733FEAB5BE719C5508809110B6.d.50A6FCD0E144D2813BA8400F5528CE1B.e.29"}} | headers=HTTPHeaderDict({'Content-Length': '126', 'Content-Type': 'application/json; charset=utf-8', 'cache-control': 'no-cache'})
2025-02-04 12:11:24,469 - DEBUG - Finished Request
2025-02-04 12:11:24,469 - DEBUG - POST http://localhost:51709/session/cd52ab7de020134fd35f5e0afbd73501/execute/sync {'script': '/* isDisplayed */return (function(){return (function(){var g=this||self;\nfunction aa(a){var b=typeof...', 'args': [{'element-6066-11e4-a52e-4f735466cecf': 'f.01C346733FEAB5BE719C5508809110B6.d.50A6FCD0E144D2813BA8400F5528CE1B.e.29'}]}
2025-02-04 12:11:24,479 - DEBUG - http://localhost:51709 "POST /session/cd52ab7de020134fd35f5e0afbd73501/execute/sync HTTP/1.1" 200 0
2025-02-04 12:11:24,479 - DEBUG - Remote response: status=200 | data={"value":false} | headers=HTTPHeaderDict({'Content-Length': '15', 'Content-Type': 'application/json; charset=utf-8', 'cache-control': 'no-cache'})
2025-02-04 12:11:24,479 - DEBUG - Finished Request
2025-02-04 12:11:24,980 - DEBUG - POST http://localhost:51709/session/cd52ab7de020134fd35f5e0afbd73501/element {'using': 'xpath', 'value': '/html/body/div[1]/div/div/span[5]/div/ul/div/div/li[1]'}
2025-02-04 12:11:24,990 - DEBUG - http://localhost:51709 "POST /session/cd52ab7de020134fd35f5e0afbd73501/element HTTP/1.1" 200 0
2025-02-04 12:11:24,990 - DEBUG - Remote response: status=200 | data={"value":{"element-6066-11e4-a52e-4f735466cecf":"f.01C346733FEAB5BE719C5508809110B6.d.50A6FCD0E144D2813BA8400F5528CE1B.e.29"}} | headers=HTTPHeaderDict({'Content-Length': '126', 'Content-Type': 'application/json; charset=utf-8', 'cache-control': 'no-cache'})
2025-02-04 12:11:24,990 - DEBUG - Finished Request
2025-02-04 12:11:24,990 - DEBUG - POST http://localhost:51709/session/cd52ab7de020134fd35f5e0afbd73501/execute/sync {'script': '/* isDisplayed */return (function(){return (function(){var g=this||self;\nfunction aa(a){var b=typeof...', 'args': [{'element-6066-11e4-a52e-4f735466cecf': 'f.01C346733FEAB5BE719C5508809110B6.d.50A6FCD0E144D2813BA8400F5528CE1B.e.29'}]}
2025-02-04 12:11:24,999 - DEBUG - http://localhost:51709 "POST /session/cd52ab7de020134fd35f5e0afbd73501/execute/sync HTTP/1.1" 200 0
2025-02-04 12:11:25,000 - DEBUG - Remote response: status=200 | data={"value":true} | headers=HTTPHeaderDict({'Content-Length': '14', 'Content-Type': 'application/json; charset=utf-8', 'cache-control': 'no-cache'})
2025-02-04 12:11:25,000 - DEBUG - Finished Request
2025-02-04 12:11:25,000 - DEBUG - GET http://localhost:51709/session/cd52ab7de020134fd35f5e0afbd73501/element/f.01C346733FEAB5BE719C5508809110B6.d.50A6FCD0E144D2813BA8400F5528CE1B.e.29/enabled {}
2025-02-04 12:11:25,009 - DEBUG - http://localhost:51709 "GET /session/cd52ab7de020134fd35f5e0afbd73501/element/f.01C346733FEAB5BE719C5508809110B6.d.50A6FCD0E144D2813BA8400F5528CE1B.e.29/enabled HTTP/1.1" 200 0
2025-02-04 12:11:25,009 - DEBUG - Remote response: status=200 | data={"value":true} | headers=HTTPHeaderDict({'Content-Length': '14', 'Content-Type': 'application/json; charset=utf-8', 'cache-control': 'no-cache'})
2025-02-04 12:11:25,009 - DEBUG - Finished Request
2025-02-04 12:11:25,009 - DEBUG - POST http://localhost:51709/session/cd52ab7de020134fd35f5e0afbd73501/element/f.01C346733FEAB5BE719C5508809110B6.d.50A6FCD0E144D2813BA8400F5528CE1B.e.29/click {}
2025-02-04 12:11:25,158 - DEBUG - http://localhost:51709 "POST /session/cd52ab7de020134fd35f5e0afbd73501/element/f.01C346733FEAB5BE719C5508809110B6.d.50A6FCD0E144D2813BA8400F5528CE1B.e.29/click HTTP/1.1" 200 0
2025-02-04 12:11:25,158 - DEBUG - Remote response: status=200 | data={"value":null} | headers=HTTPHeaderDict({'Content-Length': '14', 'Content-Type': 'application/json; charset=utf-8', 'cache-control': 'no-cache'})
2025-02-04 12:11:25,158 - DEBUG - Finished Request
2025-02-04 12:11:25,158 - DEBUG - Clicked element: /html/body/div[1]/div/div/span[5]/div/ul/div/div/li[1]
2025-02-04 12:11:27,159 - INFO - Clicking Add Members
2025-02-04 12:11:27,159 - DEBUG - Waiting for element: /html/body/div[1]/div/div/div[3]/div/div[5]/span/div/span/span/div/div/section/div[1]/div/div[4]/button[2]
2025-02-04 12:11:27,159 - DEBUG - POST http://localhost:51709/session/cd52ab7de020134fd35f5e0afbd73501/element {'using': 'xpath', 'value': '/html/body/div[1]/div/div/div[3]/div/div[5]/span/div/span/span/div/div/section/div[1]/div/div[4]/but...'}
2025-02-04 12:11:27,175 - DEBUG - http://localhost:51709 "POST /session/cd52ab7de020134fd35f5e0afbd73501/element HTTP/1.1" 200 0
2025-02-04 12:11:27,175 - DEBUG - Remote response: status=200 | data={"value":{"element-6066-11e4-a52e-4f735466cecf":"f.01C346733FEAB5BE719C5508809110B6.d.50A6FCD0E144D2813BA8400F5528CE1B.e.55"}} | headers=HTTPHeaderDict({'Content-Length': '126', 'Content-Type': 'application/json; charset=utf-8', 'cache-control': 'no-cache'})
2025-02-04 12:11:27,175 - DEBUG - Finished Request
2025-02-04 12:11:27,175 - DEBUG - POST http://localhost:51709/session/cd52ab7de020134fd35f5e0afbd73501/execute/sync {'script': '/* isDisplayed */return (function(){return (function(){var g=this||self;\nfunction aa(a){var b=typeof...', 'args': [{'element-6066-11e4-a52e-4f735466cecf': 'f.01C346733FEAB5BE719C5508809110B6.d.50A6FCD0E144D2813BA8400F5528CE1B.e.55'}]}
2025-02-04 12:11:27,187 - DEBUG - http://localhost:51709 "POST /session/cd52ab7de020134fd35f5e0afbd73501/execute/sync HTTP/1.1" 200 0
2025-02-04 12:11:27,187 - DEBUG - Remote response: status=200 | data={"value":true} | headers=HTTPHeaderDict({'Content-Length': '14', 'Content-Type': 'application/json; charset=utf-8', 'cache-control': 'no-cache'})
2025-02-04 12:11:27,187 - DEBUG - Finished Request
2025-02-04 12:11:27,187 - DEBUG - GET http://localhost:51709/session/cd52ab7de020134fd35f5e0afbd73501/element/f.01C346733FEAB5BE719C5508809110B6.d.50A6FCD0E144D2813BA8400F5528CE1B.e.55/enabled {}
2025-02-04 12:11:27,196 - DEBUG - http://localhost:51709 "GET /session/cd52ab7de020134fd35f5e0afbd73501/element/f.01C346733FEAB5BE719C5508809110B6.d.50A6FCD0E144D2813BA8400F5528CE1B.e.55/enabled HTTP/1.1" 200 0
2025-02-04 12:11:27,196 - DEBUG - Remote response: status=200 | data={"value":true} | headers=HTTPHeaderDict({'Content-Length': '14', 'Content-Type': 'application/json; charset=utf-8', 'cache-control': 'no-cache'})
2025-02-04 12:11:27,196 - DEBUG - Finished Request
2025-02-04 12:11:27,196 - DEBUG - POST http://localhost:51709/session/cd52ab7de020134fd35f5e0afbd73501/element/f.01C346733FEAB5BE719C5508809110B6.d.50A6FCD0E144D2813BA8400F5528CE1B.e.55/click {}
2025-02-04 12:11:27,342 - DEBUG - http://localhost:51709 "POST /session/cd52ab7de020134fd35f5e0afbd73501/element/f.01C346733FEAB5BE719C5508809110B6.d.50A6FCD0E144D2813BA8400F5528CE1B.e.55/click HTTP/1.1" 200 0
2025-02-04 12:11:27,342 - DEBUG - Remote response: status=200 | data={"value":null} | headers=HTTPHeaderDict({'Content-Length': '14', 'Content-Type': 'application/json; charset=utf-8', 'cache-control': 'no-cache'})
2025-02-04 12:11:27,342 - DEBUG - Finished Request
2025-02-04 12:11:27,342 - DEBUG - Clicked element: /html/body/div[1]/div/div/div[3]/div/div[5]/span/div/span/span/div/div/section/div[1]/div/div[4]/button[2]
2025-02-04 12:11:29,343 - INFO - Selecting contacts
2025-02-04 12:11:29,343 - DEBUG - POST http://localhost:51709/session/cd52ab7de020134fd35f5e0afbd73501/elements {'using': 'xpath', 'value': "//div[contains(@class, '_ak72') and contains(@class, '_ak73') and contains(@class, '_ak75')]"}
2025-02-04 12:11:29,360 - DEBUG - http://localhost:51709 "POST /session/cd52ab7de020134fd35f5e0afbd73501/elements HTTP/1.1" 200 0
2025-02-04 12:11:29,360 - DEBUG - Remote response: status=200 | data={"value":[{"element-6066-11e4-a52e-4f735466cecf":"f.01C346733FEAB5BE719C5508809110B6.d.50A6FCD0E144D2813BA8400F5528CE1B.e.68"},{"element-6066-11e4-a52e-4f735466cecf":"f.01C346733FEAB5BE719C5508809110B6.d.50A6FCD0E144D2813BA8400F5528CE1B.e.69"},{"element-6066-11e4-a52e-4f735466cecf":"f.01C346733FEAB5BE719C5508809110B6.d.50A6FCD0E144D2813BA8400F5528CE1B.e.70"},{"element-6066-11e4-a52e-4f735466cecf":"f.01C346733FEAB5BE719C5508809110B6.d.50A6FCD0E144D2813BA8400F5528CE1B.e.71"},{"element-6066-11e4-a52e-4f735466cecf":"f.01C346733FEAB5BE719C5508809110B6.d.50A6FCD0E144D2813BA8400F5528CE1B.e.72"}]} | headers=HTTPHeaderDict({'Content-Length': '596', 'Content-Type': 'application/json; charset=utf-8', 'cache-control': 'no-cache'})
2025-02-04 12:11:29,360 - DEBUG - Finished Request
2025-02-04 12:11:29,360 - DEBUG - Found 5 contacts to add.
2025-02-04 12:11:29,360 - DEBUG - POST http://localhost:51709/session/cd52ab7de020134fd35f5e0afbd73501/element/f.01C346733FEAB5BE719C5508809110B6.d.50A6FCD0E144D2813BA8400F5528CE1B.e.68/click {}
2025-02-04 12:11:29,462 - DEBUG - http://localhost:51709 "POST /session/cd52ab7de020134fd35f5e0afbd73501/element/f.01C346733FEAB5BE719C5508809110B6.d.50A6FCD0E144D2813BA8400F5528CE1B.e.68/click HTTP/1.1" 200 0
2025-02-04 12:11:29,462 - DEBUG - Remote response: status=200 | data={"value":null} | headers=HTTPHeaderDict({'Content-Length': '14', 'Content-Type': 'application/json; charset=utf-8', 'cache-control': 'no-cache'})
2025-02-04 12:11:29,462 - DEBUG - Finished Request
2025-02-04 12:11:29,462 - DEBUG - Contact selected.
2025-02-04 12:11:29,462 - DEBUG - POST http://localhost:51709/session/cd52ab7de020134fd35f5e0afbd73501/element/f.01C346733FEAB5BE719C5508809110B6.d.50A6FCD0E144D2813BA8400F5528CE1B.e.69/click {}
2025-02-04 12:11:29,586 - DEBUG - http://localhost:51709 "POST /session/cd52ab7de020134fd35f5e0afbd73501/element/f.01C346733FEAB5BE719C5508809110B6.d.50A6FCD0E144D2813BA8400F5528CE1B.e.69/click HTTP/1.1" 200 0
2025-02-04 12:11:29,586 - DEBUG - Remote response: status=200 | data={"value":null} | headers=HTTPHeaderDict({'Content-Length': '14', 'Content-Type': 'application/json; charset=utf-8', 'cache-control': 'no-cache'})
2025-02-04 12:11:29,587 - DEBUG - Finished Request
2025-02-04 12:11:29,587 - DEBUG - Contact selected.
2025-02-04 12:11:29,587 - DEBUG - POST http://localhost:51709/session/cd52ab7de020134fd35f5e0afbd73501/element/f.01C346733FEAB5BE719C5508809110B6.d.50A6FCD0E144D2813BA8400F5528CE1B.e.70/click {}
2025-02-04 12:11:29,707 - DEBUG - http://localhost:51709 "POST /session/cd52ab7de020134fd35f5e0afbd73501/element/f.01C346733FEAB5BE719C5508809110B6.d.50A6FCD0E144D2813BA8400F5528CE1B.e.70/click HTTP/1.1" 200 0
2025-02-04 12:11:29,707 - DEBUG - Remote response: status=200 | data={"value":null} | headers=HTTPHeaderDict({'Content-Length': '14', 'Content-Type': 'application/json; charset=utf-8', 'cache-control': 'no-cache'})
2025-02-04 12:11:29,707 - DEBUG - Finished Request
2025-02-04 12:11:29,707 - DEBUG - Contact selected.
2025-02-04 12:11:29,707 - DEBUG - POST http://localhost:51709/session/cd52ab7de020134fd35f5e0afbd73501/element/f.01C346733FEAB5BE719C5508809110B6.d.50A6FCD0E144D2813BA8400F5528CE1B.e.71/click {}
2025-02-04 12:11:29,790 - DEBUG - http://localhost:51709 "POST /session/cd52ab7de020134fd35f5e0afbd73501/element/f.01C346733FEAB5BE719C5508809110B6.d.50A6FCD0E144D2813BA8400F5528CE1B.e.71/click HTTP/1.1" 200 0
2025-02-04 12:11:29,790 - DEBUG - Remote response: status=200 | data={"value":null} | headers=HTTPHeaderDict({'Content-Length': '14', 'Content-Type': 'application/json; charset=utf-8', 'cache-control': 'no-cache'})
2025-02-04 12:11:29,790 - DEBUG - Finished Request
2025-02-04 12:11:29,790 - DEBUG - Contact selected.
2025-02-04 12:11:29,790 - DEBUG - POST http://localhost:51709/session/cd52ab7de020134fd35f5e0afbd73501/element/f.01C346733FEAB5BE719C5508809110B6.d.50A6FCD0E144D2813BA8400F5528CE1B.e.72/click {}
2025-02-04 12:11:29,893 - DEBUG - http://localhost:51709 "POST /session/cd52ab7de020134fd35f5e0afbd73501/element/f.01C346733FEAB5BE719C5508809110B6.d.50A6FCD0E144D2813BA8400F5528CE1B.e.72/click HTTP/1.1" 200 0
2025-02-04 12:11:29,894 - DEBUG - Remote response: status=200 | data={"value":null} | headers=HTTPHeaderDict({'Content-Length': '14', 'Content-Type': 'application/json; charset=utf-8', 'cache-control': 'no-cache'})
2025-02-04 12:11:29,894 - DEBUG - Finished Request
2025-02-04 12:11:29,894 - DEBUG - Contact selected.
2025-02-04 12:11:29,894 - INFO - Confirming addition of contacts
2025-02-04 12:11:29,894 - DEBUG - Waiting for element: /html/body/div[1]/div/div/span[2]/div/span/div/div/div/div/div/div/span[2]/div/div/div
2025-02-04 12:11:29,894 - DEBUG - POST http://localhost:51709/session/cd52ab7de020134fd35f5e0afbd73501/element {'using': 'xpath', 'value': '/html/body/div[1]/div/div/span[2]/div/span/div/div/div/div/div/div/span[2]/div/div/div'}
2025-02-04 12:11:29,916 - DEBUG - http://localhost:51709 "POST /session/cd52ab7de020134fd35f5e0afbd73501/element HTTP/1.1" 200 0
2025-02-04 12:11:29,917 - DEBUG - Remote response: status=200 | data={"value":{"element-6066-11e4-a52e-4f735466cecf":"f.01C346733FEAB5BE719C5508809110B6.d.50A6FCD0E144D2813BA8400F5528CE1B.e.75"}} | headers=HTTPHeaderDict({'Content-Length': '126', 'Content-Type': 'application/json; charset=utf-8', 'cache-control': 'no-cache'})
2025-02-04 12:11:29,917 - DEBUG - Finished Request
2025-02-04 12:11:29,917 - DEBUG - POST http://localhost:51709/session/cd52ab7de020134fd35f5e0afbd73501/execute/sync {'script': '/* isDisplayed */return (function(){return (function(){var g=this||self;\nfunction aa(a){var b=typeof...', 'args': [{'element-6066-11e4-a52e-4f735466cecf': 'f.01C346733FEAB5BE719C5508809110B6.d.50A6FCD0E144D2813BA8400F5528CE1B.e.75'}]}
2025-02-04 12:11:29,926 - DEBUG - http://localhost:51709 "POST /session/cd52ab7de020134fd35f5e0afbd73501/execute/sync HTTP/1.1" 200 0
2025-02-04 12:11:29,927 - DEBUG - Remote response: status=200 | data={"value":true} | headers=HTTPHeaderDict({'Content-Length': '14', 'Content-Type': 'application/json; charset=utf-8', 'cache-control': 'no-cache'})
2025-02-04 12:11:29,927 - DEBUG - Finished Request
2025-02-04 12:11:29,927 - DEBUG - GET http://localhost:51709/session/cd52ab7de020134fd35f5e0afbd73501/element/f.01C346733FEAB5BE719C5508809110B6.d.50A6FCD0E144D2813BA8400F5528CE1B.e.75/enabled {}
2025-02-04 12:11:29,939 - DEBUG - http://localhost:51709 "GET /session/cd52ab7de020134fd35f5e0afbd73501/element/f.01C346733FEAB5BE719C5508809110B6.d.50A6FCD0E144D2813BA8400F5528CE1B.e.75/enabled HTTP/1.1" 200 0
2025-02-04 12:11:29,940 - DEBUG - Remote response: status=200 | data={"value":true} | headers=HTTPHeaderDict({'Content-Length': '14', 'Content-Type': 'application/json; charset=utf-8', 'cache-control': 'no-cache'})
2025-02-04 12:11:29,940 - DEBUG - Finished Request
2025-02-04 12:11:29,940 - DEBUG - POST http://localhost:51709/session/cd52ab7de020134fd35f5e0afbd73501/element/f.01C346733FEAB5BE719C5508809110B6.d.50A6FCD0E144D2813BA8400F5528CE1B.e.75/click {}
2025-02-04 12:11:30,077 - DEBUG - http://localhost:51709 "POST /session/cd52ab7de020134fd35f5e0afbd73501/element/f.01C346733FEAB5BE719C5508809110B6.d.50A6FCD0E144D2813BA8400F5528CE1B.e.75/click HTTP/1.1" 200 0
2025-02-04 12:11:30,077 - DEBUG - Remote response: status=200 | data={"value":null} | headers=HTTPHeaderDict({'Content-Length': '14', 'Content-Type': 'application/json; charset=utf-8', 'cache-control': 'no-cache'})
2025-02-04 12:11:30,077 - DEBUG - Finished Request
2025-02-04 12:11:30,077 - DEBUG - Clicked element: /html/body/div[1]/div/div/span[2]/div/span/div/div/div/div/div/div/span[2]/div/div/div
2025-02-04 12:11:32,077 - INFO - Handling additional confirmation steps
2025-02-04 12:11:32,078 - DEBUG - Waiting for element: /html/body/div[1]/div/div/span[2]/div/span/div/div/div/div/div/div[2]/div/button[2]
2025-02-04 12:11:32,078 - DEBUG - POST http://localhost:51709/session/cd52ab7de020134fd35f5e0afbd73501/element {'using': 'xpath', 'value': '/html/body/div[1]/div/div/span[2]/div/span/div/div/div/div/div/div[2]/div/button[2]'}
2025-02-04 12:11:32,079 - DEBUG - http://localhost:51709 "POST /session/cd52ab7de020134fd35f5e0afbd73501/element HTTP/1.1" 404 0
2025-02-04 12:11:32,079 - DEBUG - Remote response: status=404 | data={"value":{"error":"no such window","message":"no such window: target window already closed\nfrom unknown error: web view not found\n  (Session info: chrome=132.0.6834.160)","stacktrace":"\tGetHandleVerifier [0x010A74A3+25091]\n\t(No symbol) [0x0102DC04]\n\t(No symbol) [0x00F0B373]\n\t(No symbol) [0x00EECEDB]\n\t(No symbol) [0x00F77FAF]\n\t(No symbol) [0x00F8ADC9]\n\t(No symbol) [0x00F71CA6]\n\t(No symbol) [0x00F431D5]\n\t(No symbol) [0x00F4435D]\n\tGetHandleVerifier [0x013A07C3+3142947]\n\tGetHandleVerifier [0x013B1A2B+3213195]\n\tGetHandleVerifier [0x013AC412+3191154]\n\tGetHandleVerifier [0x01148720+685184]\n\t(No symbol) [0x01036E1D]\n\t(No symbol) [0x01033E18]\n\t(No symbol) [0x01033FB6]\n\t(No symbol) [0x010266F0]\n\tBaseThreadInitThunk [0x76E05D49+25]\n\tRtlInitializeExceptionChain [0x77B8CEBB+107]\n\tRtlGetAppContainerNamedObjectPath [0x77B8CE41+561]\n"}} | headers=HTTPHeaderDict({'Content-Length': '874', 'Content-Type': 'application/json; charset=utf-8', 'cache-control': 'no-cache'})
2025-02-04 12:11:32,079 - DEBUG - Finished Request
2025-02-04 12:11:32,079 - ERROR - Error during process: Message: no such window: target window already closed
from unknown error: web view not found
  (Session info: chrome=132.0.6834.160)
Stacktrace:
	GetHandleVerifier [0x010A74A3+25091]
	(No symbol) [0x0102DC04]
	(No symbol) [0x00F0B373]
	(No symbol) [0x00EECEDB]
	(No symbol) [0x00F77FAF]
	(No symbol) [0x00F8ADC9]
	(No symbol) [0x00F71CA6]
	(No symbol) [0x00F431D5]
	(No symbol) [0x00F4435D]
	GetHandleVerifier [0x013A07C3+3142947]
	GetHandleVerifier [0x013B1A2B+3213195]
	GetHandleVerifier [0x013AC412+3191154]
	GetHandleVerifier [0x01148720+685184]
	(No symbol) [0x01036E1D]
	(No symbol) [0x01033E18]
	(No symbol) [0x01033FB6]
	(No symbol) [0x010266F0]
	BaseThreadInitThunk [0x76E05D49+25]
	RtlInitializeExceptionChain [0x77B8CEBB+107]
	RtlGetAppContainerNamedObjectPath [0x77B8CE41+561]

2025-02-04 12:11:32,079 - DEBUG - DELETE http://localhost:51709/session/cd52ab7de020134fd35f5e0afbd73501 {}
2025-02-04 12:11:32,080 - DEBUG - http://localhost:51709 "DELETE /session/cd52ab7de020134fd35f5e0afbd73501 HTTP/1.1" 200 0
2025-02-04 12:11:32,080 - DEBUG - Remote response: status=200 | data={"value":null} | headers=HTTPHeaderDict({'Content-Length': '14', 'Content-Type': 'application/json; charset=utf-8', 'cache-control': 'no-cache'})
2025-02-04 12:11:32,080 - DEBUG - Finished Request
2025-02-04 12:11:34,112 - INFO - Driver closed.
